---------------------------------- Statistics ----------------------------------
It took 685.6688647270203 seconds to produce the 1th generation.
Best fitness: 817.0
Worst fitness: 817.0
Mean fitness: 817.0
Population size: 20
"Best" modification so far: if (typeof arg !== 'function' && (arg == null || arg.length !== 0)) {
Number of repair candidates: 14
--------------------------------------------------------------------------------
---------------------------------- Statistics ----------------------------------
It took 415.6458179950714 seconds to produce the 2th generation.
Best fitness: 817.0
Worst fitness: 817.0
Mean fitness: 817.0
Population size: 20
"Best" modification so far: if (typeof arg !== 'function' && (arg == null || arg.length !== 0)) {
Number of repair candidates: 16
--------------------------------------------------------------------------------
---------------------------------- Statistics ----------------------------------
It took 562.5974559783936 seconds to produce the 3th generation.
Best fitness: 817.0
Worst fitness: 817.0
Mean fitness: 817.0
Population size: 20
"Best" modification so far: if (typeof arg !== 'function' && (arg == null || arg.length !== 0)) {
Number of repair candidates: 32
--------------------------------------------------------------------------------
---------------------------------- Statistics ----------------------------------
It took 513.2941381931305 seconds to produce the 4th generation.
Best fitness: 817.0
Worst fitness: 817.0
Mean fitness: 817.0
Population size: 20
"Best" modification so far: if (typeof arg !== 'function' && (arg == null || arg.length !== 0)) {
Number of repair candidates: 44
--------------------------------------------------------------------------------
---------------------------------- Statistics ----------------------------------
It took 669.5479152202606 seconds to produce the 5th generation.
Best fitness: 817.0
Worst fitness: 817.0
Mean fitness: 817.0
Population size: 20
"Best" modification so far: if (typeof arg !== 'function' && (arg == null || arg.length !== 0)) {
Number of repair candidates: 54
--------------------------------------------------------------------------------
---------------------------------- Statistics ----------------------------------
It took 658.4000999927521 seconds to produce the 6th generation.
Best fitness: 817.0
Worst fitness: 817.0
Mean fitness: 817.0
Population size: 20
"Best" modification so far: if (typeof arg !== 'function' && (arg / null || arg.length !== 0)) {
Number of repair candidates: 70
--------------------------------------------------------------------------------
---------------------------------- Statistics ----------------------------------
It took 615.6804239749908 seconds to produce the 7th generation.
Best fitness: 817.0
Worst fitness: 817.0
Mean fitness: 817.0
Population size: 20
"Best" modification so far: if (typeof arg !== 'function' && (arg === null || arg.length !== 0)) {
Number of repair candidates: 93
--------------------------------------------------------------------------------
---------------------------------- Statistics ----------------------------------
It took 674.3580410480499 seconds to produce the 8th generation.
Best fitness: 817.0
Worst fitness: 817.0
Mean fitness: 817.0
Population size: 20
"Best" modification so far: if (typeof arg !== 'function' && (arg < null >= arg.length >= 0)) {
Number of repair candidates: 105
--------------------------------------------------------------------------------
---------------------------------- Statistics ----------------------------------
It took 562.3194181919098 seconds to produce the 9th generation.
Best fitness: 817.0
Worst fitness: 817.0
Mean fitness: 817.0
Population size: 20
"Best" modification so far: if (typeof arg !== 'function' && (1 == arguments.length !== 0)) {
Number of repair candidates: 117
--------------------------------------------------------------------------------
---------------------------------- Statistics ----------------------------------
It took 518.4125642776489 seconds to produce the 10th generation.
Best fitness: 817.0
Worst fitness: 817.0
Mean fitness: 817.0
Population size: 20
"Best" modification so far: if (typeof arg !== 'function' && (arg == null >> arg.length !== 0)) {
Number of repair candidates: 135
--------------------------------------------------------------------------------
---------------------------------- Statistics ----------------------------------
It took 736.25177526474 seconds to produce the 11th generation.
Best fitness: 817.0
Worst fitness: 817.0
Mean fitness: 817.0
Population size: 20
"Best" modification so far: if (typeof arg !== 'function' && (1 == arguments.length !== 0)) {
Number of repair candidates: 149
--------------------------------------------------------------------------------
---------------------------------- Statistics ----------------------------------
It took 466.63049030303955 seconds to produce the 12th generation.
Best fitness: 817.0
Worst fitness: 817.0
Mean fitness: 817.0
Population size: 20
"Best" modification so far: if (typeof arg !== 'function' && (arg === null || arg.length !== 0)) {
Number of repair candidates: 164
--------------------------------------------------------------------------------
---------------------------------- Statistics ----------------------------------
It took 873.4026610851288 seconds to produce the 13th generation.
Best fitness: 817.0
Worst fitness: 817.0
Mean fitness: 817.0
Population size: 20
"Best" modification so far: if (typeof arg !== 'function' && (arg + -1 - arg.length !== 0)) {
Number of repair candidates: 180
--------------------------------------------------------------------------------
---------------------------------- Statistics ----------------------------------
It took 754.4228317737579 seconds to produce the 14th generation.
Best fitness: 817.0
Worst fitness: 817.0
Mean fitness: 817.0
Population size: 20
"Best" modification so far: if (typeof arg !== 'function' && (arg ** -1 - arg.length !== 0)) {
Number of repair candidates: 193
--------------------------------------------------------------------------------
---------------------------------- Statistics ----------------------------------
It took 574.7464649677277 seconds to produce the 15th generation.
Best fitness: 817.0
Worst fitness: 817.0
Mean fitness: 817.0
Population size: 20
"Best" modification so far: if (typeof arg !== 'function' && (arg && +1 % arg.length !== 0)) {
Number of repair candidates: 201
--------------------------------------------------------------------------------
---------------------------------- Statistics ----------------------------------
It took 803.4877123832703 seconds to produce the 16th generation.
Best fitness: 817.0
Worst fitness: 817.0
Mean fitness: 817.0
Population size: 20
"Best" modification so far: if (typeof arg !== 'function' && (arg && +1 / arg.length !== 0)) {
Number of repair candidates: 210
--------------------------------------------------------------------------------
---------------------------------- Statistics ----------------------------------
It took 839.0930342674255 seconds to produce the 17th generation.
Best fitness: 817.0
Worst fitness: 817.0
Mean fitness: 817.0
Population size: 20
"Best" modification so far: if (typeof arg !== 'function' && (1 == arguments.length !== 0)) {
Number of repair candidates: 226
--------------------------------------------------------------------------------
---------------------------------- Statistics ----------------------------------
It took 731.8423056602478 seconds to produce the 18th generation.
Best fitness: 817.0
Worst fitness: 817.0
Mean fitness: 817.0
Population size: 20
"Best" modification so far: if (typeof arg !== 'function' && (arg * null || arg.length != 0)) {
Number of repair candidates: 245
--------------------------------------------------------------------------------
---------------------------------- Statistics ----------------------------------
It took 516.6125056743622 seconds to produce the 19th generation.
Best fitness: 817.0
Worst fitness: 817.0
Mean fitness: 817.0
Population size: 20
"Best" modification so far: if (typeof arg !== 'function' === (arg == null || arg.length !== 0)) {
Number of repair candidates: 254
--------------------------------------------------------------------------------
---------------------------------- Statistics ----------------------------------
It took 593.8356792926788 seconds to produce the 20th generation.
Best fitness: 817.0
Worst fitness: 817.0
Mean fitness: 817.0
Population size: 20
"Best" modification so far: if (typeof arg != 'function' && (arg || null || view.render + 0)) {
Number of repair candidates: 260
--------------------------------------------------------------------------------
---------------------------------- Statistics ----------------------------------
It took 532.4169609546661 seconds to produce the 21th generation.
Best fitness: 817.0
Worst fitness: 817.0
Mean fitness: 817.0
Population size: 20
"Best" modification so far: if (typeof arg > 'function' && (arg && null | app.all !== 0)) {
Number of repair candidates: 268
--------------------------------------------------------------------------------
---------------------------------- Statistics ----------------------------------
It took 667.1387777328491 seconds to produce the 22th generation.
Best fitness: 817.0
Worst fitness: 817.0
Mean fitness: 817.0
Population size: 20
"Best" modification so far: if (typeof arg !== 'function' && (arg != null - arg.length !== 0)) {
Number of repair candidates: 287
--------------------------------------------------------------------------------
---------------------------------- Statistics ----------------------------------
It took 522.6802322864532 seconds to produce the 23th generation.
Best fitness: 817.0
Worst fitness: 817.0
Mean fitness: 817.0
Population size: 20
"Best" modification so far: if (typeof arg !== 'function' === (arg == null >= arg.length !== 0)) {
Number of repair candidates: 298
--------------------------------------------------------------------------------
---------------------------------- Statistics ----------------------------------
It took 730.3007464408875 seconds to produce the 24th generation.
Best fitness: 817.0
Worst fitness: 817.0
Mean fitness: 817.0
Population size: 20
"Best" modification so far: if (typeof arg !== 'function' && (arg ** null && app.handle != 0)) {
Number of repair candidates: 311
--------------------------------------------------------------------------------
---------------------------------- Statistics ----------------------------------
It took 733.5131766796112 seconds to produce the 25th generation.
Best fitness: 817.0
Worst fitness: 817.0
Mean fitness: 817.0
Population size: 20
"Best" modification so far: if (typeof arg !== 'function' && (arg ** null || arg.length != 0)) {
Number of repair candidates: 323
--------------------------------------------------------------------------------
---------------------------------- Statistics ----------------------------------
It took 682.2705979347229 seconds to produce the 26th generation.
Best fitness: 817.0
Worst fitness: 817.0
Mean fitness: 817.0
Population size: 20
"Best" modification so far: if (typeof arg > 'function' && (arg || null || view.render ^ 0)) {
Number of repair candidates: 330
--------------------------------------------------------------------------------
---------------------------------- Statistics ----------------------------------
It took 768.9627969264984 seconds to produce the 27th generation.
Best fitness: 817.0
Worst fitness: 817.0
Mean fitness: 817.0
Population size: 20
"Best" modification so far: if (typeof arg != 'function' && (arg || null || view.render ^ 0)) {
Number of repair candidates: 339
--------------------------------------------------------------------------------
---------------------------------- Statistics ----------------------------------
It took 566.8929581642151 seconds to produce the 28th generation.
Best fitness: 817.0
Worst fitness: 817.0
Mean fitness: 817.0
Population size: 20
"Best" modification so far: if (typeof arg != 'function' && (arg % null || arg.length != 0)) {
Number of repair candidates: 344
--------------------------------------------------------------------------------
---------------------------------- Statistics ----------------------------------
It took 229.48939609527588 seconds to produce the 29th generation.
Best fitness: 817.0
Worst fitness: 826.0
Mean fitness: 817.45
Population size: 20
"Best" modification so far: if (typeof arg != 'function' && (arg || null || view.render ^ 0)) {
Number of repair candidates: 346
--------------------------------------------------------------------------------
---------------------------------- Statistics ----------------------------------
It took 636.4100186824799 seconds to produce the 30th generation.
Best fitness: 817.0
Worst fitness: 817.0
Mean fitness: 817.0
Population size: 20
"Best" modification so far: if (typeof arg && typeof arg != 'function' && (arg || null || view.render * 0)) {
Number of repair candidates: 350
--------------------------------------------------------------------------------

-------------------------------- General info --------------------------------
Project: Express
Bug-ID: 8
Total elapsed time: 18857.706505298615 sec
Number of generated candidates: 350
------------------------------------------------------------------------------
