---------------------------------- Statistics ----------------------------------
It took 5023.394282579422 seconds to produce the 1th generation.
Best fitness: 15017.0
Worst fitness: 15017.0
Mean fitness: 15017.0
Population size: 20
"Best" modification so far: } else if (tokenBefore.loc.end.line !== node.loc.end.line && option === "beside") {
Number of repair candidates: 0
--------------------------------------------------------------------------------
---------------------------------- Statistics ----------------------------------
It took 3266.328945875168 seconds to produce the 2th generation.
Best fitness: 15017.0
Worst fitness: 15017.0
Mean fitness: 15017.0
Population size: 20
"Best" modification so far: } else if (tokenBefore.loc.end.line !== node.loc.end.line && option === "beside") {
Number of repair candidates: 0
--------------------------------------------------------------------------------
---------------------------------- Statistics ----------------------------------
It took 2887.6609613895416 seconds to produce the 3th generation.
Best fitness: 15017.0
Worst fitness: 15080.0
Mean fitness: 15026.45
Population size: 20
"Best" modification so far: } else if (tokenBefore.loc.end.line !== node.loc.end.line && option === "beside") {
Number of repair candidates: 0
--------------------------------------------------------------------------------
---------------------------------- Statistics ----------------------------------
It took 3066.144430875778 seconds to produce the 4th generation.
Best fitness: 15017.0
Worst fitness: 15080.0
Mean fitness: 15026.45
Population size: 20
"Best" modification so far: } else if (tokenBefore.loc.end.line != node.loc.end.line && option >= "beside") {
Number of repair candidates: 0
--------------------------------------------------------------------------------
---------------------------------- Statistics ----------------------------------
It took 3969.9161496162415 seconds to produce the 5th generation.
Best fitness: 15017.0
Worst fitness: 15080.0
Mean fitness: 15029.6
Population size: 20
"Best" modification so far: } else if (tokenBefore.loc.end.line !== node.loc.end.line && option >= "beside") {
Number of repair candidates: 0
--------------------------------------------------------------------------------
---------------------------------- Statistics ----------------------------------
It took 4859.861393451691 seconds to produce the 6th generation.
Best fitness: 15017.0
Worst fitness: 15080.0
Mean fitness: 15020.15
Population size: 20
"Best" modification so far: } else if (tokenBefore && tokenBefore.loc.end.line != node.loc.end.line && option >= "beside") {
Number of repair candidates: 1
--------------------------------------------------------------------------------
---------------------------------- Statistics ----------------------------------
It took 4751.587246894836 seconds to produce the 7th generation.
Best fitness: 15017.0
Worst fitness: 15017.0
Mean fitness: 15017.0
Population size: 20
"Best" modification so far: } else if (tokenBefore.loc.end.line !== node.loc.end.line && option === "beside") {
Number of repair candidates: 1
--------------------------------------------------------------------------------
---------------------------------- Statistics ----------------------------------
It took 3716.130616426468 seconds to produce the 8th generation.
Best fitness: 15017.0
Worst fitness: 15017.0
Mean fitness: 15017.0
Population size: 20
"Best" modification so far: } else if (tokenBefore.loc.end.line != node.loc.end.line && node.loc.end.line && option && option == "beside") {
Number of repair candidates: 1
--------------------------------------------------------------------------------
---------------------------------- Statistics ----------------------------------
It took 5565.77960896492 seconds to produce the 9th generation.
Best fitness: 15017.0
Worst fitness: 15017.0
Mean fitness: 15017.0
Population size: 20
"Best" modification so far: } else if (tokenBefore.loc.end.line != node.loc.end.line && node.loc.end.line && option && option == "beside") {
Number of repair candidates: 1
--------------------------------------------------------------------------------
---------------------------------- Statistics ----------------------------------
It took 5572.371256113052 seconds to produce the 10th generation.
Best fitness: 15017.0
Worst fitness: 15017.0
Mean fitness: 15017.0
Population size: 20
"Best" modification so far: } else if (tokenBefore.loc.end.line != node.loc.end.line && node.loc.end.line && option == 'beside') {
Number of repair candidates: 1
--------------------------------------------------------------------------------
---------------------------------- Statistics ----------------------------------
It took 5175.03205037117 seconds to produce the 11th generation.
Best fitness: 15017.0
Worst fitness: 15017.0
Mean fitness: 15017.0
Population size: 20
"Best" modification so far: } else if (tokenBefore.loc.end | tokenBefore.loc.end.line % node.loc.end.line && option == "beside") {
Number of repair candidates: 2
--------------------------------------------------------------------------------
---------------------------------- Statistics ----------------------------------
It took 6760.87592124939 seconds to produce the 12th generation.
Best fitness: 15017.0
Worst fitness: 15017.0
Mean fitness: 15017.0
Population size: 20
"Best" modification so far: } else if (tokenBefore.loc.end | tokenBefore.loc.end.line % node.loc.end.line && option == "beside") {
Number of repair candidates: 2
--------------------------------------------------------------------------------
---------------------------------- Statistics ----------------------------------
It took 5021.016674280167 seconds to produce the 13th generation.
Best fitness: 15017.0
Worst fitness: 15017.0
Mean fitness: 15017.0
Population size: 20
"Best" modification so far: } else if (tokenBefore.loc.end.line != node.loc.end.line && node.type && option >= 'beside') {
Number of repair candidates: 2
--------------------------------------------------------------------------------
---------------------------------- Statistics ----------------------------------
It took 5004.3458387851715 seconds to produce the 14th generation.
Best fitness: 15017.0
Worst fitness: 15017.0
Mean fitness: 15017.0
Population size: 20
"Best" modification so far: } else if (tokenBefore.loc.end.line != node.loc.end.line && node.type && option == 'beside') {
Number of repair candidates: 2
--------------------------------------------------------------------------------
---------------------------------- Statistics ----------------------------------
It took 5329.819842815399 seconds to produce the 15th generation.
Best fitness: 15017.0
Worst fitness: 15017.0
Mean fitness: 15017.0
Population size: 20
"Best" modification so far: } else if (tokenBefore.loc.end.line % node.loc.end.line && option && option == "beside") {
Number of repair candidates: 3
--------------------------------------------------------------------------------
---------------------------------- Statistics ----------------------------------
It took 6196.3750212192535 seconds to produce the 16th generation.
Best fitness: 15017.0
Worst fitness: 15017.0
Mean fitness: 15017.0
Population size: 20
"Best" modification so far: } else if (tokenBefore.loc.end.line != node.loc.end.line >= node.loc.end.line && option && option == "beside") {
Number of repair candidates: 3
--------------------------------------------------------------------------------
---------------------------------- Statistics ----------------------------------
It took 5087.527673006058 seconds to produce the 17th generation.
Best fitness: 15017.0
Worst fitness: 15017.0
Mean fitness: 15017.0
Population size: 20
"Best" modification so far: } else if (tokenBefore.loc.end.line % node.loc.end.line && option && option == 'beside') {
Number of repair candidates: 3
--------------------------------------------------------------------------------
---------------------------------- Statistics ----------------------------------
It took 5343.673272371292 seconds to produce the 18th generation.
Best fitness: 15017.0
Worst fitness: 15017.0
Mean fitness: 15017.0
Population size: 20
"Best" modification so far: } else if (tokenBefore.loc.end | tokenBefore.loc.end.line != node.loc.end.line && option === "beside") {
Number of repair candidates: 3
--------------------------------------------------------------------------------
---------------------------------- Statistics ----------------------------------
It took 4076.6435289382935 seconds to produce the 19th generation.
Best fitness: 15017.0
Worst fitness: 15017.0
Mean fitness: 15017.0
Population size: 20
"Best" modification so far: } else if (tokenBefore && tokenBefore.loc.end.line < node.loc.end.line && option === "beside") {
Number of repair candidates: 3
--------------------------------------------------------------------------------
---------------------------------- Statistics ----------------------------------
It took 5195.34277844429 seconds to produce the 20th generation.
Best fitness: 15017.0
Worst fitness: 15017.0
Mean fitness: 15017.0
Population size: 20
"Best" modification so far: } else if (tokenBefore.loc.end.line != node.loc.end.line ^ node.type && option == 'beside') {
Number of repair candidates: 4
--------------------------------------------------------------------------------
---------------------------------- Statistics ----------------------------------
It took 4949.696923494339 seconds to produce the 21th generation.
Best fitness: 15017.0
Worst fitness: 15017.0
Mean fitness: 15017.0
Population size: 20
"Best" modification so far: } else if (tokenBefore.loc.end ^ tokenBefore.loc.end.line != node.loc.end.line && option === "beside") {
Number of repair candidates: 4
--------------------------------------------------------------------------------
---------------------------------- Statistics ----------------------------------
It took 4081.7403683662415 seconds to produce the 22th generation.
Best fitness: 15017.0
Worst fitness: 15080.0
Mean fitness: 15020.15
Population size: 20
"Best" modification so far: } else if (node.consequent ^ tokenBefore.loc.end.line < node.loc.end.line && option >= 'beside') {
Number of repair candidates: 4
--------------------------------------------------------------------------------
---------------------------------- Statistics ----------------------------------
It took 5909.241744279861 seconds to produce the 23th generation.
Best fitness: 15017.0
Worst fitness: 15017.0
Mean fitness: 15017.0
Population size: 20
"Best" modification so far: } else if (node.option ^ tokenBefore.loc.end.line < node.loc.end.line && option >= 'beside') {
Number of repair candidates: 5
--------------------------------------------------------------------------------
---------------------------------- Statistics ----------------------------------
It took 5950.273232936859 seconds to produce the 24th generation.
Best fitness: 15017.0
Worst fitness: 15017.0
Mean fitness: 15017.0
Population size: 20
"Best" modification so far: } else if (tokenBefore | tokenBefore.loc.end.line < node.loc.end.line && option >= "beside") {
Number of repair candidates: 5
--------------------------------------------------------------------------------
---------------------------------- Statistics ----------------------------------
It took 6484.064358711243 seconds to produce the 25th generation.
Best fitness: 15017.0
Worst fitness: 15017.0
Mean fitness: 15017.0
Population size: 20
"Best" modification so far: } else if (tokenBefore | tokenBefore.loc.end.line < node.loc.end.line && option == "beside") {
Number of repair candidates: 5
--------------------------------------------------------------------------------
---------------------------------- Statistics ----------------------------------
It took 4188.529879570007 seconds to produce the 26th generation.
Best fitness: 15017.0
Worst fitness: 15017.0
Mean fitness: 15017.0
Population size: 20
"Best" modification so far: } else if (tokenBefore.loc.end.line != node.loc.end.line ** node.loc.end.line && option == 'beside') {
Number of repair candidates: 5
--------------------------------------------------------------------------------
---------------------------------- Statistics ----------------------------------
It took 7566.722100734711 seconds to produce the 27th generation.
Best fitness: 15017.0
Worst fitness: 15017.0
Mean fitness: 15017.0
Population size: 20
"Best" modification so far: } else if (tokenBefore.loc.end.line !== node.loc.end.line ** node.loc.end.line && option == 'beside') {
Number of repair candidates: 5
--------------------------------------------------------------------------------
---------------------------------- Statistics ----------------------------------
It took 7036.888163089752 seconds to produce the 28th generation.
Best fitness: 15017.0
Worst fitness: 15017.0
Mean fitness: 15017.0
Population size: 20
"Best" modification so far: } else if (tokenBefore.loc.end.line.end | tokenBefore.loc.end.line - node.loc.end.line && option >= "beside") {
Number of repair candidates: 5
--------------------------------------------------------------------------------
---------------------------------- Statistics ----------------------------------
It took 5700.566669464111 seconds to produce the 29th generation.
Best fitness: 15017.0
Worst fitness: 15017.0
Mean fitness: 15017.0
Population size: 20
"Best" modification so far: } else if (tokenBefore.loc.end.line !== node.loc.end.line && node.loc.end && option == 'beside') {
Number of repair candidates: 5
--------------------------------------------------------------------------------
---------------------------------- Statistics ----------------------------------
It took 6808.246985912323 seconds to produce the 30th generation.
Best fitness: 15017.0
Worst fitness: 15017.0
Mean fitness: 15017.0
Population size: 20
"Best" modification so far: } else if (tokenBefore.loc.end.line ^ node.loc.end.line | node.type && option >= 'beside') {
Number of repair candidates: 5
--------------------------------------------------------------------------------

-------------------------------- General info --------------------------------
Project: Eslint
Bug-ID: 321
Total elapsed time: 154654.44697499275 sec
Number of generated candidates: 5
------------------------------------------------------------------------------
