---------------------------------- Statistics ----------------------------------
It took 2288.518933057785 seconds to produce the 1th generation.
Best fitness: 12880.0
Worst fitness: 12880.0
Mean fitness: 12880.0
Population size: 20
"Best" modification so far: if (!options || typeof option === "string") {
Number of repair candidates: 1
--------------------------------------------------------------------------------
---------------------------------- Statistics ----------------------------------
It took 2158.2147064208984 seconds to produce the 2th generation.
Best fitness: 12880.0
Worst fitness: 12880.0
Mean fitness: 12880.0
Population size: 20
"Best" modification so far: if (!options || typeof option === "string") {
Number of repair candidates: 2
--------------------------------------------------------------------------------
---------------------------------- Statistics ----------------------------------
It took 1748.7480745315552 seconds to produce the 3th generation.
Best fitness: 12880.0
Worst fitness: 12880.0
Mean fitness: 12880.0
Population size: 20
"Best" modification so far: if (!options || typeof option >> "string") {
Number of repair candidates: 2
--------------------------------------------------------------------------------
---------------------------------- Statistics ----------------------------------
It took 2644.983690261841 seconds to produce the 4th generation.
Best fitness: 12880.0
Worst fitness: 12880.0
Mean fitness: 12880.0
Population size: 20
"Best" modification so far: if (!options || typeof option === "string") {
Number of repair candidates: 2
--------------------------------------------------------------------------------
---------------------------------- Statistics ----------------------------------
It took 2480.9243862628937 seconds to produce the 5th generation.
Best fitness: 12880.0
Worst fitness: 12880.0
Mean fitness: 12880.0
Population size: 20
"Best" modification so far: if (!options || typeof option && option <= "string") {
Number of repair candidates: 2
--------------------------------------------------------------------------------
---------------------------------- Statistics ----------------------------------
It took 2121.3803853988647 seconds to produce the 6th generation.
Best fitness: 12880.0
Worst fitness: 12880.0
Mean fitness: 12880.0
Population size: 20
"Best" modification so far: if (!options || typeof option === "string") {
Number of repair candidates: 2
--------------------------------------------------------------------------------
---------------------------------- Statistics ----------------------------------
It took 2039.71715259552 seconds to produce the 7th generation.
Best fitness: 12880.0
Worst fitness: 12880.0
Mean fitness: 12880.0
Population size: 20
"Best" modification so far: if (!options || typeof option >> 'string') {
Number of repair candidates: 2
--------------------------------------------------------------------------------
---------------------------------- Statistics ----------------------------------
It took 3031.377519130707 seconds to produce the 8th generation.
Best fitness: 12880.0
Worst fitness: 12880.0
Mean fitness: 12880.0
Population size: 20
"Best" modification so far: if (!options || typeof option === "string") {
Number of repair candidates: 2
--------------------------------------------------------------------------------
---------------------------------- Statistics ----------------------------------
It took 3137.523736000061 seconds to produce the 9th generation.
Best fitness: 12880.0
Worst fitness: 12880.0
Mean fitness: 12880.0
Population size: 20
"Best" modification so far: if (!options || typeof option === "string") {
Number of repair candidates: 2
--------------------------------------------------------------------------------
---------------------------------- Statistics ----------------------------------
It took 1532.123164653778 seconds to produce the 10th generation.
Best fitness: 12880.0
Worst fitness: 12880.0
Mean fitness: 12880.0
Population size: 20
"Best" modification so far: if (!options || typeof option << "string") {
Number of repair candidates: 3
--------------------------------------------------------------------------------
---------------------------------- Statistics ----------------------------------
It took 2610.1132497787476 seconds to produce the 11th generation.
Best fitness: 12880.0
Worst fitness: 12880.0
Mean fitness: 12880.0
Population size: 20
"Best" modification so far: if (!options || typeof option << "string" << "string") {
Number of repair candidates: 3
--------------------------------------------------------------------------------
---------------------------------- Statistics ----------------------------------
It took 2073.900780916214 seconds to produce the 12th generation.
Best fitness: 12880.0
Worst fitness: 12880.0
Mean fitness: 12880.0
Population size: 20
"Best" modification so far: if (!options | typeof option | "string") {
Number of repair candidates: 3
--------------------------------------------------------------------------------
---------------------------------- Statistics ----------------------------------
It took 2412.5211567878723 seconds to produce the 13th generation.
Best fitness: 12880.0
Worst fitness: 12880.0
Mean fitness: 12880.0
Population size: 20
"Best" modification so far: if (!options || typeof option && option == "string") {
Number of repair candidates: 3
--------------------------------------------------------------------------------
---------------------------------- Statistics ----------------------------------
It took 3963.036224603653 seconds to produce the 14th generation.
Best fitness: 12880.0
Worst fitness: 12880.0
Mean fitness: 12880.0
Population size: 20
"Best" modification so far: if (!options || typeof option && option == "string") {
Number of repair candidates: 3
--------------------------------------------------------------------------------
---------------------------------- Statistics ----------------------------------
It took 2652.170045375824 seconds to produce the 15th generation.
Best fitness: 12880.0
Worst fitness: 12880.0
Mean fitness: 12880.0
Population size: 20
"Best" modification so far: if (!options || typeof option >>> 'string') {
Number of repair candidates: 3
--------------------------------------------------------------------------------
---------------------------------- Statistics ----------------------------------
It took 1700.0972039699554 seconds to produce the 16th generation.
Best fitness: 12880.0
Worst fitness: 12880.0
Mean fitness: 12880.0
Population size: 20
"Best" modification so far: if (!options || typeof option - 'string' * 'string') {
Number of repair candidates: 3
--------------------------------------------------------------------------------
---------------------------------- Statistics ----------------------------------
It took 3118.722170829773 seconds to produce the 17th generation.
Best fitness: 12880.0
Worst fitness: 12880.0
Mean fitness: 12880.0
Population size: 20
"Best" modification so far: if (!options || typeof option - 'string' * 'string') {
Number of repair candidates: 3
--------------------------------------------------------------------------------
---------------------------------- Statistics ----------------------------------
It took 2379.64150595665 seconds to produce the 18th generation.
Best fitness: 12880.0
Worst fitness: 12880.0
Mean fitness: 12880.0
Population size: 20
"Best" modification so far: if (!options << typeof option << 'string' << 'string') {
Number of repair candidates: 3
--------------------------------------------------------------------------------
---------------------------------- Statistics ----------------------------------
It took 3485.3813309669495 seconds to produce the 19th generation.
Best fitness: 12880.0
Worst fitness: 12880.0
Mean fitness: 12880.0
Population size: 20
"Best" modification so far: if (!options || typeof option - 'string' * 'string') {
Number of repair candidates: 3
--------------------------------------------------------------------------------
---------------------------------- Statistics ----------------------------------
It took 2062.9249572753906 seconds to produce the 20th generation.
Best fitness: 12880.0
Worst fitness: 12880.0
Mean fitness: 12880.0
Population size: 20
"Best" modification so far: if (!options || typeof option && option == "string") {
Number of repair candidates: 4
--------------------------------------------------------------------------------
---------------------------------- Statistics ----------------------------------
It took 3366.549345254898 seconds to produce the 21th generation.
Best fitness: 12880.0
Worst fitness: 12880.0
Mean fitness: 12880.0
Population size: 20
"Best" modification so far: if (!options || typeof option % "string" & "string") {
Number of repair candidates: 4
--------------------------------------------------------------------------------
---------------------------------- Statistics ----------------------------------
It took 1325.8951902389526 seconds to produce the 22th generation.
Best fitness: 12880.0
Worst fitness: 12880.0
Mean fitness: 12880.0
Population size: 20
"Best" modification so far: if (!options >>> typeof option + "string") {
Number of repair candidates: 4
--------------------------------------------------------------------------------
---------------------------------- Statistics ----------------------------------
It took 2000.867080450058 seconds to produce the 23th generation.
Best fitness: 12880.0
Worst fitness: 12880.0
Mean fitness: 12880.0
Population size: 20
"Best" modification so far: if (!options || typeof option - 'string' * 'string') {
Number of repair candidates: 4
--------------------------------------------------------------------------------
---------------------------------- Statistics ----------------------------------
It took 2308.68017911911 seconds to produce the 24th generation.
Best fitness: 12880.0
Worst fitness: 12880.0
Mean fitness: 12880.0
Population size: 20
"Best" modification so far: if (!options || typeof option | 'string') {
Number of repair candidates: 4
--------------------------------------------------------------------------------
---------------------------------- Statistics ----------------------------------
It took 1728.116857767105 seconds to produce the 25th generation.
Best fitness: 12880.0
Worst fitness: 12880.0
Mean fitness: 12880.0
Population size: 20
"Best" modification so far: if (!options << typeof option | 'string') {
Number of repair candidates: 4
--------------------------------------------------------------------------------
---------------------------------- Statistics ----------------------------------
It took 3481.019561290741 seconds to produce the 26th generation.
Best fitness: 12880.0
Worst fitness: 12880.0
Mean fitness: 12880.0
Population size: 20
"Best" modification so far: if (!options || typeof option * "string" & "string") {
Number of repair candidates: 4
--------------------------------------------------------------------------------
---------------------------------- Statistics ----------------------------------
It took 3157.1109495162964 seconds to produce the 27th generation.
Best fitness: 12880.0
Worst fitness: 12880.0
Mean fitness: 12880.0
Population size: 20
"Best" modification so far: if (!options || typeof option > 'string' % 'string') {
Number of repair candidates: 4
--------------------------------------------------------------------------------
---------------------------------- Statistics ----------------------------------
It took 2374.859190225601 seconds to produce the 28th generation.
Best fitness: 12880.0
Worst fitness: 12880.0
Mean fitness: 12880.0
Population size: 20
"Best" modification so far: if (!options || typeof option / "string" < "string") {
Number of repair candidates: 4
--------------------------------------------------------------------------------
---------------------------------- Statistics ----------------------------------
It took 2989.792639732361 seconds to produce the 29th generation.
Best fitness: 12880.0
Worst fitness: 12880.0
Mean fitness: 12880.0
Population size: 20
"Best" modification so far: if (!options || typeof option / "string" < "string") {
Number of repair candidates: 4
--------------------------------------------------------------------------------
---------------------------------- Statistics ----------------------------------
It took 2894.8937532901764 seconds to produce the 30th generation.
Best fitness: 12880.0
Worst fitness: 12880.0
Mean fitness: 12880.0
Population size: 20
"Best" modification so far: if (!options || typeof option >>> 'string' ** 'string') {
Number of repair candidates: 4
--------------------------------------------------------------------------------

-------------------------------- General info --------------------------------
Project: Eslint
Bug-ID: 217
Total elapsed time: 75378.00776839256 sec
Number of generated candidates: 4
------------------------------------------------------------------------------
