---------------------------------- Statistics ----------------------------------
It took 3175.491253376007 seconds to produce the 1th generation.
Best fitness: 12880.0
Worst fitness: 12880.0
Mean fitness: 12880.0
Population size: 20
"Best" modification so far: if (!options || typeof option === "string") {
Number of repair candidates: 2
--------------------------------------------------------------------------------
---------------------------------- Statistics ----------------------------------
It took 2485.3951342105865 seconds to produce the 2th generation.
Best fitness: 12880.0
Worst fitness: 12880.0
Mean fitness: 12880.0
Population size: 20
"Best" modification so far: if (!options || typeof option === "string") {
Number of repair candidates: 3
--------------------------------------------------------------------------------
---------------------------------- Statistics ----------------------------------
It took 1477.2042121887207 seconds to produce the 3th generation.
Best fitness: 12880.0
Worst fitness: 12880.0
Mean fitness: 12880.0
Population size: 20
"Best" modification so far: if (!options || typeof option === "string") {
Number of repair candidates: 3
--------------------------------------------------------------------------------
---------------------------------- Statistics ----------------------------------
It took 3419.2803571224213 seconds to produce the 4th generation.
Best fitness: 12880.0
Worst fitness: 12880.0
Mean fitness: 12880.0
Population size: 20
"Best" modification so far: if (!options || typeof option === "string") {
Number of repair candidates: 3
--------------------------------------------------------------------------------
---------------------------------- Statistics ----------------------------------
It took 3372.808497428894 seconds to produce the 5th generation.
Best fitness: 12880.0
Worst fitness: 12880.0
Mean fitness: 12880.0
Population size: 20
"Best" modification so far: if (!options || typeof option >> "string") {
Number of repair candidates: 3
--------------------------------------------------------------------------------
---------------------------------- Statistics ----------------------------------
It took 977.1072704792023 seconds to produce the 6th generation.
Best fitness: 12880.0
Worst fitness: 12997.0
Mean fitness: 12885.85
Population size: 20
"Best" modification so far: if (!options || typeof option == 'string') {
Number of repair candidates: 3
--------------------------------------------------------------------------------
---------------------------------- Statistics ----------------------------------
It took 3698.138725757599 seconds to produce the 7th generation.
Best fitness: 12880.0
Worst fitness: 12880.0
Mean fitness: 12880.0
Population size: 20
"Best" modification so far: if (!options || typeof option === "string") {
Number of repair candidates: 3
--------------------------------------------------------------------------------
---------------------------------- Statistics ----------------------------------
It took 4381.727078676224 seconds to produce the 8th generation.
Best fitness: 12880.0
Worst fitness: 12880.0
Mean fitness: 12880.0
Population size: 20
"Best" modification so far: if (!options || typeof option === "string") {
Number of repair candidates: 4
--------------------------------------------------------------------------------
---------------------------------- Statistics ----------------------------------
It took 3255.8145990371704 seconds to produce the 9th generation.
Best fitness: 12880.0
Worst fitness: 12880.0
Mean fitness: 12880.0
Population size: 20
"Best" modification so far: if (!options || typeof option == 'string') {
Number of repair candidates: 4
--------------------------------------------------------------------------------
---------------------------------- Statistics ----------------------------------
It took 4354.714648723602 seconds to produce the 10th generation.
Best fitness: 12880.0
Worst fitness: 12880.0
Mean fitness: 12880.0
Population size: 20
"Best" modification so far: if (!options ^ typeof option % 'string') {
Number of repair candidates: 5
--------------------------------------------------------------------------------
---------------------------------- Statistics ----------------------------------
It took 4468.583453655243 seconds to produce the 11th generation.
Best fitness: 12880.0
Worst fitness: 12880.0
Mean fitness: 12880.0
Population size: 20
"Best" modification so far: if (!options || typeof option < "string" || typeof option >> "string") {
Number of repair candidates: 5
--------------------------------------------------------------------------------
---------------------------------- Statistics ----------------------------------
It took 3526.703619003296 seconds to produce the 12th generation.
Best fitness: 12880.0
Worst fitness: 12880.0
Mean fitness: 12880.0
Population size: 20
"Best" modification so far: if (!options ^ typeof option - "string") {
Number of repair candidates: 5
--------------------------------------------------------------------------------
---------------------------------- Statistics ----------------------------------
It took 6477.395312070847 seconds to produce the 13th generation.
Best fitness: 12880.0
Worst fitness: 12880.0
Mean fitness: 12880.0
Population size: 20
"Best" modification so far: if (!options + !options | typeof option & 'string') {
Number of repair candidates: 5
--------------------------------------------------------------------------------
---------------------------------- Statistics ----------------------------------
It took 3719.5164787769318 seconds to produce the 14th generation.
Best fitness: 12880.0
Worst fitness: 12880.0
Mean fitness: 12880.0
Population size: 20
"Best" modification so far: if (!options ^ typeof option & "string") {
Number of repair candidates: 5
--------------------------------------------------------------------------------
---------------------------------- Statistics ----------------------------------
It took 5201.9341950416565 seconds to produce the 15th generation.
Best fitness: 12880.0
Worst fitness: 12880.0
Mean fitness: 12880.0
Population size: 20
"Best" modification so far: if (!options + !options | typeof option & 'string') {
Number of repair candidates: 5
--------------------------------------------------------------------------------
---------------------------------- Statistics ----------------------------------
It took 2655.760175228119 seconds to produce the 16th generation.
Best fitness: 12880.0
Worst fitness: 12880.0
Mean fitness: 12880.0
Population size: 20
"Best" modification so far: if (!options | typeof option & "string") {
Number of repair candidates: 5
--------------------------------------------------------------------------------
---------------------------------- Statistics ----------------------------------
It took 4296.452718257904 seconds to produce the 17th generation.
Best fitness: 12880.0
Worst fitness: 12880.0
Mean fitness: 12880.0
Population size: 20
"Best" modification so far: if (!options ^ typeof option / "string") {
Number of repair candidates: 5
--------------------------------------------------------------------------------
---------------------------------- Statistics ----------------------------------
It took 4705.917256593704 seconds to produce the 18th generation.
Best fitness: 12880.0
Worst fitness: 12880.0
Mean fitness: 12880.0
Population size: 20
"Best" modification so far: if (!options ^ typeof option << "string") {
Number of repair candidates: 5
--------------------------------------------------------------------------------
---------------------------------- Statistics ----------------------------------
It took 2654.1433243751526 seconds to produce the 19th generation.
Best fitness: 12880.0
Worst fitness: 12880.0
Mean fitness: 12880.0
Population size: 20
"Best" modification so far: if (!options | typeof option / "string") {
Number of repair candidates: 5
--------------------------------------------------------------------------------
---------------------------------- Statistics ----------------------------------
It took 3469.996025323868 seconds to produce the 20th generation.
Best fitness: 12880.0
Worst fitness: 12880.0
Mean fitness: 12880.0
Population size: 20
"Best" modification so far: if (!options | typeof option == "string") {
Number of repair candidates: 5
--------------------------------------------------------------------------------
---------------------------------- Statistics ----------------------------------
It took 3639.7214064598083 seconds to produce the 21th generation.
Best fitness: 12880.0
Worst fitness: 12880.0
Mean fitness: 12880.0
Population size: 20
"Best" modification so far: if (!options ^ typeof option + "string") {
Number of repair candidates: 5
--------------------------------------------------------------------------------
---------------------------------- Statistics ----------------------------------
It took 4432.280349969864 seconds to produce the 22th generation.
Best fitness: 12880.0
Worst fitness: 12880.0
Mean fitness: 12880.0
Population size: 20
"Best" modification so far: if (!options * !options | typeof option << 'string') {
Number of repair candidates: 5
--------------------------------------------------------------------------------
---------------------------------- Statistics ----------------------------------
It took 5635.995955944061 seconds to produce the 23th generation.
Best fitness: 12880.0
Worst fitness: 12880.0
Mean fitness: 12880.0
Population size: 20
"Best" modification so far: if (!options | typeof option + "string") {
Number of repair candidates: 5
--------------------------------------------------------------------------------
---------------------------------- Statistics ----------------------------------
It took 4676.02675819397 seconds to produce the 24th generation.
Best fitness: 12880.0
Worst fitness: 12880.0
Mean fitness: 12880.0
Population size: 20
"Best" modification so far: if (!options ^ typeof option ^ "string") {
Number of repair candidates: 5
--------------------------------------------------------------------------------
---------------------------------- Statistics ----------------------------------
It took 5245.110989809036 seconds to produce the 25th generation.
Best fitness: 12880.0
Worst fitness: 12880.0
Mean fitness: 12880.0
Population size: 20
"Best" modification so far: if (!options / !options | !options / !options | typeof option ^ 'string') {
Number of repair candidates: 5
--------------------------------------------------------------------------------
---------------------------------- Statistics ----------------------------------
It took 3468.390403985977 seconds to produce the 26th generation.
Best fitness: 12880.0
Worst fitness: 12880.0
Mean fitness: 12880.0
Population size: 20
"Best" modification so far: if (!options * !options | typeof option | 'string') {
Number of repair candidates: 5
--------------------------------------------------------------------------------
---------------------------------- Statistics ----------------------------------
It took 4173.560490369797 seconds to produce the 27th generation.
Best fitness: 12880.0
Worst fitness: 12880.0
Mean fitness: 12880.0
Population size: 20
"Best" modification so far: if (!options * !options | typeof option | 'string') {
Number of repair candidates: 5
--------------------------------------------------------------------------------
---------------------------------- Statistics ----------------------------------
It took 3035.7618641853333 seconds to produce the 28th generation.
Best fitness: 12880.0
Worst fitness: 12880.0
Mean fitness: 12880.0
Population size: 20
"Best" modification so far: if (!options << !options | !options % !options | typeof option ^ 'string') {
Number of repair candidates: 5
--------------------------------------------------------------------------------
---------------------------------- Statistics ----------------------------------
It took 4004.372332572937 seconds to produce the 29th generation.
Best fitness: 12880.0
Worst fitness: 12880.0
Mean fitness: 12880.0
Population size: 20
"Best" modification so far: if (!options / !options | typeof option <= 'string') {
Number of repair candidates: 5
--------------------------------------------------------------------------------
---------------------------------- Statistics ----------------------------------
It took 4181.429344415665 seconds to produce the 30th generation.
Best fitness: 12880.0
Worst fitness: 12880.0
Mean fitness: 12880.0
Population size: 20
"Best" modification so far: if (!options ^ typeof option ^ "string") {
Number of repair candidates: 5
--------------------------------------------------------------------------------

-------------------------------- General info --------------------------------
Project: Eslint
Bug-ID: 217
Total elapsed time: 114516.32459712029 sec
Number of generated candidates: 5
------------------------------------------------------------------------------
