---------------------------------- Statistics ----------------------------------
It took 57.84654116630554 seconds to produce the 1th generation.
Best fitness: 517.0
Worst fitness: 517.0
Mean fitness: 517.0
Population size: 20
"Best" modification so far: 200: * @param {Object|String} The custom object type descriptor object or the ID
410: async.series(tasks, function(err, results) {
566: * @param {String} type
707: async.series(tasks, function(err, results) {
747: async.series(tasks, function(err, results) {
823: async.series(tasks, function(err, results) {
831: * @param {String} field
940: * @param {Function} cb
951: * @param {Object} [options={}]
984: * @param {String|Object} custObjType A string ID of the custom object type or
986: * @param {Object} [options={}]
993: typeId = custObjType.toString();

Number of repair candidates: 0
--------------------------------------------------------------------------------
---------------------------------- Statistics ----------------------------------
It took 49.400561571121216 seconds to produce the 2th generation.
Best fitness: 517.0
Worst fitness: 517.0
Mean fitness: 517.0
Population size: 20
"Best" modification so far: 200: * @param {Object|String} The custom object type descriptor object or the ID
410: async.series(tasks, function(err, results) {
566: * @param {String} type
707: async.series(tasks, function(err, results) {
747: async.series(tasks, function(err, results) {
823: async.series(tasks, function(err, results) {
831: * @param {String} field
940: * @param {Function} cb
951: * @param {Object} [options={}]
984: * @param {String|Object} custObjType A string ID of the custom object type or
986: * @param {Object} [options={}]
993: typeId = custObjType.toString();

Number of repair candidates: 0
--------------------------------------------------------------------------------
---------------------------------- Statistics ----------------------------------
It took 54.09080362319946 seconds to produce the 3th generation.
Best fitness: 517.0
Worst fitness: 517.0
Mean fitness: 517.0
Population size: 20
"Best" modification so far: 200: * @param {Object|String} The custom object type descriptor object or the ID
410: async.series(tasks, function(err, results) {
566: * @param {String} type
707: async.series(tasks, function(err, results) {
747: async.series(tasks, function(err, results) {
823: async.series(tasks, function(err, results) {
831: * @param {String} field
940: * @param {Function} cb
951: * @param {Object} [options={}]
984: * @param {String|Object} custObjType A string ID of the custom object type or
986: * @param {Object} [options={}]
993: typeId = custObjType.toString();

Number of repair candidates: 0
--------------------------------------------------------------------------------
---------------------------------- Statistics ----------------------------------
It took 38.92135047912598 seconds to produce the 4th generation.
Best fitness: 517.0
Worst fitness: 517.0
Mean fitness: 517.0
Population size: 20
"Best" modification so far: 200: * @param {Object|String} The custom object type descriptor object or the ID
410: async.series(tasks, function(err, results) {
566: * @param {String} type
707: async.series(tasks, function(err, results) {
747: async.series(tasks, function(err, results) {
823: async.series(tasks, function(err, results) {
831: * @param {String} field
940: * @param {Function} cb
951: * @param {Object} [options={}]
984: * @param {String|Object} custObjType A string ID of the custom object type or
986: * @param {Object} [options={}]
993: typeId = custObjType.toString();

Number of repair candidates: 0
--------------------------------------------------------------------------------
---------------------------------- Statistics ----------------------------------
It took 46.6099956035614 seconds to produce the 5th generation.
Best fitness: 517.0
Worst fitness: 517.0
Mean fitness: 517.0
Population size: 20
"Best" modification so far: 200: * @param {Object|String} The custom object type descriptor object or the ID
410: async.series(tasks, function(err, results) {
566: * @param {String} type
707: async.series(tasks, function(err, results) {
747: async.series(tasks, function(err, results) {
823: async.series(tasks, function(err, results) {
831: * @param {String} field
940: * @param {Function} cb
951: * @param {Object} [options={}]
984: * @param {String|Object} custObjType A string ID of the custom object type or
986: * @param {Object} [options={}]
993: typeId = custObjType.toString();

Number of repair candidates: 0
--------------------------------------------------------------------------------
---------------------------------- Statistics ----------------------------------
It took 48.02565097808838 seconds to produce the 6th generation.
Best fitness: 517.0
Worst fitness: 517.0
Mean fitness: 517.0
Population size: 20
"Best" modification so far: 200: * @param {Object|String} The custom object type descriptor object or the ID
410: async.series(tasks, function(err, results) {
566: * @param {String} type
707: async.series(tasks, function(err, results) {
747: async.series(tasks, function(err, results) {
823: async.series(tasks, function(err, results) {
831: * @param {String} field
940: * @param {Function} cb
951: * @param {Object} [options={}]
984: * @param {String|Object} custObjType A string ID of the custom object type or
986: * @param {Object} [options={}]
993: typeId = custObjType.toString();

Number of repair candidates: 0
--------------------------------------------------------------------------------
---------------------------------- Statistics ----------------------------------
It took 45.681790828704834 seconds to produce the 7th generation.
Best fitness: 517.0
Worst fitness: 517.0
Mean fitness: 517.0
Population size: 20
"Best" modification so far: 200: * @param {Object|String} The custom object type descriptor object or the ID
410: async.series(tasks, function(err, results) {
566: * @param {String} type
707: async.series(tasks, function(err, results) {
747: async.series(tasks, function(err, results) {
823: async.series(tasks, function(err, results) {
831: * @param {String} field
940: * @param {Function} cb
951: * @param {Object} [options={}]
984: * @param {String|Object} custObjType A string ID of the custom object type or
986: * @param {Object} [options={}]
993: typeId = custObjType.toString();

Number of repair candidates: 0
--------------------------------------------------------------------------------
---------------------------------- Statistics ----------------------------------
It took 51.653319120407104 seconds to produce the 8th generation.
Best fitness: 517.0
Worst fitness: 517.0
Mean fitness: 517.0
Population size: 20
"Best" modification so far: 200: * @param {Object|String} The custom object type descriptor object or the ID
410: async.series(tasks, function(err, results) {
566: * @param {String} type
707: async.series(tasks, function(err, results) {
747: async.series(tasks, function(err, results) {
823: async.series(tasks, function(err, results) {
831: * @param {String} field
940: * @param {Function} cb
951: * @param {Object} [options={}]
984: * @param {String|Object} custObjType A string ID of the custom object type or
986: * @param {Object} [options={}]
993: typeId = custObjType.toString();

Number of repair candidates: 0
--------------------------------------------------------------------------------
---------------------------------- Statistics ----------------------------------
It took 51.119646072387695 seconds to produce the 9th generation.
Best fitness: 517.0
Worst fitness: 517.0
Mean fitness: 517.0
Population size: 20
"Best" modification so far: 200: * @param {Object|String} The custom object type descriptor object or the ID
410: async.series(tasks, function(err, results) {
566: * @param {String} type
707: async.series(tasks, function(err, results) {
747: async.series(tasks, function(err, results) {
823: async.series(tasks, function(err, results) {
831: * @param {String} field
940: * @param {Function} cb
951: * @param {Object} [options={}]
984: * @param {String|Object} custObjType A string ID of the custom object type or
986: * @param {Object} [options={}]
993: typeId = custObjType.toString();

Number of repair candidates: 1
--------------------------------------------------------------------------------
---------------------------------- Statistics ----------------------------------
It took 51.64974594116211 seconds to produce the 10th generation.
Best fitness: 517.0
Worst fitness: 517.0
Mean fitness: 517.0
Population size: 20
"Best" modification so far: 200: * @param {Object|String} The custom object type descriptor object or the ID
410: async.series(tasks, function(err, results) {
566: * @param {String} type
707: async.series(tasks, function(err, results) {
747: async.series(tasks, function(err, results) {
823: async.series(tasks, function(err, results) {
831: * @param {String} field
940: * @param {Function} cb
951: * @param {Object} [options={}]
984: * @param {String|Object} custObjType A string ID of the custom object type or
986: * @param {Object} [options={}]
993: typeId = custObjType.toString();

Number of repair candidates: 1
--------------------------------------------------------------------------------
---------------------------------- Statistics ----------------------------------
It took 140.49895787239075 seconds to produce the 11th generation.
Best fitness: 517.0
Worst fitness: 517.0
Mean fitness: 517.0
Population size: 20
"Best" modification so far: 200: * @param {Object|String} The custom object type descriptor object or the ID
410: async.series(tasks, function(err, results) {
566: * @param {String} type
707: async.series(tasks, function(err, results) {
747: async.series(tasks, function(err, results) {
823: async.series(tasks, function(err, results) {
831: * @param {String} field
940: * @param {Function} cb
951: * @param {Object} [options={}]
984: * @param {String|Object} custObjType A string ID of the custom object type or
986: * @param {Object} [options={}]
993: typeId = custObjType.toString();

Number of repair candidates: 3
--------------------------------------------------------------------------------
---------------------------------- Statistics ----------------------------------
It took 59.62876534461975 seconds to produce the 12th generation.
Best fitness: 517.0
Worst fitness: 517.0
Mean fitness: 517.0
Population size: 20
"Best" modification so far: 200: * @param {Object|String} The custom object type descriptor object or the ID
410: async.series(tasks, function(err, results) {
566: * @param {String} type
707: async.series(tasks, function(err, results) {
747: async.series(tasks, function(err, results) {
823: async.series(tasks, function(err, results) {
831: * @param {String} field
940: * @param {Function} cb
951: * @param {Object} [options={}]
984: * @param {String|Object} custObjType A string ID of the custom object type or
986: * @param {Object} [options={}]
993: typeId = custObjType.toString();

Number of repair candidates: 3
--------------------------------------------------------------------------------
---------------------------------- Statistics ----------------------------------
It took 65.017404794693 seconds to produce the 13th generation.
Best fitness: 517.0
Worst fitness: 517.0
Mean fitness: 517.0
Population size: 20
"Best" modification so far: 200: * @param {Object|String} The custom object type descriptor object or the ID
410: async.series(tasks, function(err, results) {
566: * @param {String} type
707: async.series(tasks, function(err, results) {
747: async.series(tasks, function(err, results) {
823: async.series(tasks, function(err, results) {
831: * @param {String} field
940: * @param {Function} cb
951: * @param {Object} [options={}]
984: * @param {String|Object} custObjType A string ID of the custom object type or
986: * @param {Object} [options={}]
993: typeId = custObjType.toString();

Number of repair candidates: 3
--------------------------------------------------------------------------------
---------------------------------- Statistics ----------------------------------
It took 49.07317280769348 seconds to produce the 14th generation.
Best fitness: 517.0
Worst fitness: 517.0
Mean fitness: 517.0
Population size: 20
"Best" modification so far: 200: * @param {Object|String} The custom object type descriptor object or the ID
410: async.series(tasks, function(err, results) {
566: * @param {String} type
707: async.series(tasks, function(err, results) {
747: async.series(tasks, function(err, results) {
823: async.series(tasks, function(err, results) {
831: * @param {String} field
940: * @param {Function} cb
951: * @param {Object} [options={}]
984: * @param {String|Object} custObjType A string ID of the custom object type or
986: * @param {Object} [options={}]
993: typeId = custObjType.toString();

Number of repair candidates: 3
--------------------------------------------------------------------------------
---------------------------------- Statistics ----------------------------------
It took 47.98804783821106 seconds to produce the 15th generation.
Best fitness: 517.0
Worst fitness: 517.0
Mean fitness: 517.0
Population size: 20
"Best" modification so far: 200: * @param {Object|String} The custom object type descriptor object or the ID
410: async.series(tasks, function(err, results) {
566: * @param {String} type
707: async.series(tasks, function(err, results) {
747: async.series(tasks, function(err, results) {
823: async.series(tasks, function(err, results) {
831: * @param {String} field
940: * @param {Function} cb
951: * @param {Object} [options={}]
984: * @param {String|Object} custObjType A string ID of the custom object type or
986: * @param {Object} [options={}]
993: typeId = custObjType.toString();

Number of repair candidates: 3
--------------------------------------------------------------------------------
---------------------------------- Statistics ----------------------------------
It took 60.02503824234009 seconds to produce the 16th generation.
Best fitness: 517.0
Worst fitness: 517.0
Mean fitness: 517.0
Population size: 20
"Best" modification so far: 200: * @param {Object|String} The custom object type descriptor object or the ID
410: async.series(tasks, function(err, results) {
566: * @param {String} type
707: async.series(tasks, function(err, results) {
747: async.series(tasks, function(err, results) {
823: async.series(tasks, function(err, results) {
831: * @param {String} field
940: * @param {Function} cb
951: * @param {Object} [options={}]
984: * @param {String|Object} custObjType A string ID of the custom object type or
986: * @param {Object} [options={}]
993: typeId = custObjType.toString();

Number of repair candidates: 3
--------------------------------------------------------------------------------
---------------------------------- Statistics ----------------------------------
It took 48.80906629562378 seconds to produce the 17th generation.
Best fitness: 517.0
Worst fitness: 517.0
Mean fitness: 517.0
Population size: 20
"Best" modification so far: 200: * @param {Object|String} The custom object type descriptor object or the ID
410: async.series(tasks, function(err, results) {
566: * @param {String} type
707: async.series(tasks, function(err, results) {
747: async.series(tasks, function(err, results) {
823: async.series(tasks, function(err, results) {
831: * @param {String} field
940: * @param {Function} cb
951: * @param {Object} [options={}]
984: * @param {String|Object} custObjType A string ID of the custom object type or
986: * @param {Object} [options={}]
993: typeId = custObjType.toString();

Number of repair candidates: 3
--------------------------------------------------------------------------------
---------------------------------- Statistics ----------------------------------
It took 60.427271366119385 seconds to produce the 18th generation.
Best fitness: 517.0
Worst fitness: 517.0
Mean fitness: 517.0
Population size: 20
"Best" modification so far: 200: * @param {Object|String} The custom object type descriptor object or the ID
410: async.series(tasks, function(err, results) {
566: * @param {String} type
707: async.series(tasks, function(err, results) {
747: async.series(tasks, function(err, results) {
823: async.series(tasks, function(err, results) {
831: * @param {String} field
940: * @param {Function} cb
951: * @param {Object} [options={}]
984: * @param {String|Object} custObjType A string ID of the custom object type or
986: * @param {Object} [options={}]
993: typeId = custObjType.toString();

Number of repair candidates: 3
--------------------------------------------------------------------------------
---------------------------------- Statistics ----------------------------------
It took 45.53290343284607 seconds to produce the 19th generation.
Best fitness: 517.0
Worst fitness: 517.0
Mean fitness: 517.0
Population size: 20
"Best" modification so far: 200: * @param {Object|String} The custom object type descriptor object or the ID
410: async.series(tasks, function(err, results) {
566: * @param {String} type
707: async.series(tasks, function(err, results) {
747: async.series(tasks, function(err, results) {
823: async.series(tasks, function(err, results) {
831: * @param {String} field
940: * @param {Function} cb
951: * @param {Object} [options={}]
984: * @param {String|Object} custObjType A string ID of the custom object type or
986: * @param {Object} [options={}]
993: typeId = custObjType.toString();

Number of repair candidates: 3
--------------------------------------------------------------------------------
---------------------------------- Statistics ----------------------------------
It took 131.3210940361023 seconds to produce the 20th generation.
Best fitness: 517.0
Worst fitness: 517.0
Mean fitness: 517.0
Population size: 20
"Best" modification so far: 200: * @param {Object|String} The custom object type descriptor object or the ID
410: async.series(tasks, function(err, results) {
566: * @param {String} type
707: async.series(tasks, function(err, results) {
747: async.series(tasks, function(err, results) {
823: async.series(tasks, function(err, results) {
831: * @param {String} field
940: * @param {Function} cb
951: * @param {Object} [options={}]
984: * @param {String|Object} custObjType A string ID of the custom object type or
986: * @param {Object} [options={}]
993: typeId = custObjType.toString();

Number of repair candidates: 3
--------------------------------------------------------------------------------
---------------------------------- Statistics ----------------------------------
It took 43.412453413009644 seconds to produce the 21th generation.
Best fitness: 517.0
Worst fitness: 517.0
Mean fitness: 517.0
Population size: 20
"Best" modification so far: 200: * @param {Object|String} The custom object type descriptor object or the ID
410: async.series(tasks, function(err, results) {
566: * @param {String} type
707: async.series(tasks, function(err, results) {
747: async.series(tasks, function(err, results) {
823: async.series(tasks, function(err, results) {
831: * @param {String} field
940: * @param {Function} cb
951: * @param {Object} [options={}]
984: * @param {String|Object} custObjType A string ID of the custom object type or
986: * @param {Object} [options={}]
993: typeId = custObjType.toString();

Number of repair candidates: 3
--------------------------------------------------------------------------------
---------------------------------- Statistics ----------------------------------
It took 48.177329540252686 seconds to produce the 22th generation.
Best fitness: 517.0
Worst fitness: 517.0
Mean fitness: 517.0
Population size: 20
"Best" modification so far: 200: * @param {Object|String} The custom object type descriptor object or the ID
410: async.series(tasks, function(err, results) {
566: * @param {String} type
707: async.series(tasks, function(err, results) {
747: async.series(tasks, function(err, results) {
823: async.series(tasks, function(err, results) {
831: * @param {String} field
940: * @param {Function} cb
951: * @param {Object} [options={}]
984: * @param {String|Object} custObjType A string ID of the custom object type or
986: * @param {Object} [options={}]
993: typeId = custObjType.toString();

Number of repair candidates: 3
--------------------------------------------------------------------------------
---------------------------------- Statistics ----------------------------------
It took 46.37228012084961 seconds to produce the 23th generation.
Best fitness: 517.0
Worst fitness: 517.0
Mean fitness: 517.0
Population size: 20
"Best" modification so far: 200: * @param {Object|String} The custom object type descriptor object or the ID
410: async.series(tasks, function(err, results) {
566: * @param {String} type
707: async.series(tasks, function(err, results) {
747: async.series(tasks, function(err, results) {
823: async.series(tasks, function(err, results) {
831: * @param {String} field
940: * @param {Function} cb
951: * @param {Object} [options={}]
984: * @param {String|Object} custObjType A string ID of the custom object type or
986: * @param {Object} [options={}]
993: typeId = custObjType.toString();

Number of repair candidates: 3
--------------------------------------------------------------------------------
---------------------------------- Statistics ----------------------------------
It took 47.68425726890564 seconds to produce the 24th generation.
Best fitness: 517.0
Worst fitness: 517.0
Mean fitness: 517.0
Population size: 20
"Best" modification so far: 200: * @param {Object|String} The custom object type descriptor object or the ID
410: async.series(tasks, function(err, results) {
566: * @param {String} type
707: async.series(tasks, function(err, results) {
747: async.series(tasks, function(err, results) {
823: async.series(tasks, function(err, results) {
831: * @param {String} field
940: * @param {Function} cb
951: * @param {Object} [options={}]
984: * @param {String|Object} custObjType A string ID of the custom object type or
986: * @param {Object} [options={}]
993: typeId = custObjType.toString();

Number of repair candidates: 3
--------------------------------------------------------------------------------
---------------------------------- Statistics ----------------------------------
It took 113.73988628387451 seconds to produce the 25th generation.
Best fitness: 517.0
Worst fitness: 517.0
Mean fitness: 517.0
Population size: 20
"Best" modification so far: 200: * @param {Object|String} The custom object type descriptor object or the ID
410: async.series(tasks, function(err, results) {
566: * @param {String} type
707: async.series(tasks, function(err, results) {
747: async.series(tasks, function(err, results) {
823: async.series(tasks, function(err, results) {
831: * @param {String} field
940: * @param {Function} cb
951: * @param {Object} [options={}]
984: * @param {String|Object} custObjType A string ID of the custom object type or
986: * @param {Object} [options={}]
993: typeId = custObjType.toString();

Number of repair candidates: 4
--------------------------------------------------------------------------------
---------------------------------- Statistics ----------------------------------
It took 50.0702440738678 seconds to produce the 26th generation.
Best fitness: 517.0
Worst fitness: 517.0
Mean fitness: 517.0
Population size: 20
"Best" modification so far: 200: * @param {Object|String} The custom object type descriptor object or the ID
410: async.series(tasks, function(err, results) {
566: * @param {String} type
707: async.series(tasks, function(err, results) {
747: async.series(tasks, function(err, results) {
823: async.series(tasks, function(err, results) {
831: * @param {String} field
940: * @param {Function} cb
951: * @param {Object} [options={}]
984: * @param {String|Object} custObjType A string ID of the custom object type or
986: * @param {Object} [options={}]
993: typeId = custObjType.toString();

Number of repair candidates: 4
--------------------------------------------------------------------------------
---------------------------------- Statistics ----------------------------------
It took 53.19476795196533 seconds to produce the 27th generation.
Best fitness: 517.0
Worst fitness: 517.0
Mean fitness: 517.0
Population size: 20
"Best" modification so far: 200: * @param {Object|String} The custom object type descriptor object or the ID
410: async.series(tasks, function(err, results) {
566: * @param {String} type
707: async.series(tasks, function(err, results) {
747: async.series(tasks, function(err, results) {
823: async.series(tasks, function(err, results) {
831: * @param {String} field
940: * @param {Function} cb
951: * @param {Object} [options={}]
984: * @param {String|Object} custObjType A string ID of the custom object type or
986: * @param {Object} [options={}]
993: typeId = custObjType.toString();

Number of repair candidates: 4
--------------------------------------------------------------------------------
---------------------------------- Statistics ----------------------------------
It took 40.41738200187683 seconds to produce the 28th generation.
Best fitness: 517.0
Worst fitness: 517.0
Mean fitness: 517.0
Population size: 20
"Best" modification so far: 200: * @param {Object|String} The custom object type descriptor object or the ID
410: async.series(tasks, function(err, results) {
566: * @param {String} type
707: async.series(tasks, function(err, results) {
747: async.series(tasks, function(err, results) {
823: async.series(tasks, function(err, results) {
831: * @param {String} field
940: * @param {Function} cb
951: * @param {Object} [options={}]
984: * @param {String|Object} custObjType A string ID of the custom object type or
986: * @param {Object} [options={}]
993: typeId = custObjType.toString();

Number of repair candidates: 4
--------------------------------------------------------------------------------
---------------------------------- Statistics ----------------------------------
It took 108.18217849731445 seconds to produce the 29th generation.
Best fitness: 517.0
Worst fitness: 517.0
Mean fitness: 517.0
Population size: 20
"Best" modification so far: 200: * @param {Object|String} The custom object type descriptor object or the ID
410: async.series(tasks, function(err, results) {
566: * @param {String} type
707: async.series(tasks, function(err, results) {
747: async.series(tasks, function(err, results) {
823: async.series(tasks, function(err, results) {
831: * @param {String} field
940: * @param {Function} cb
951: * @param {Object} [options={}]
984: * @param {String|Object} custObjType A string ID of the custom object type or
986: * @param {Object} [options={}]
993: typeId = custObjType.toString();

Number of repair candidates: 4
--------------------------------------------------------------------------------
---------------------------------- Statistics ----------------------------------
It took 39.976197957992554 seconds to produce the 30th generation.
Best fitness: 517.0
Worst fitness: 517.0
Mean fitness: 517.0
Population size: 20
"Best" modification so far: 200: * @param {Object|String} The custom object type descriptor object or the ID
410: async.series(tasks, function(err, results) {
566: * @param {String} type
707: async.series(tasks, function(err, results) {
747: async.series(tasks, function(err, results) {
823: async.series(tasks, function(err, results) {
831: * @param {String} field
940: * @param {Function} cb
951: * @param {Object} [options={}]
984: * @param {String|Object} custObjType A string ID of the custom object type or
986: * @param {Object} [options={}]
993: typeId = custObjType.toString();

Number of repair candidates: 4
--------------------------------------------------------------------------------

-------------------------------- General info --------------------------------
Project: Pencilblue
Bug-ID: 4
Total elapsed time: 1850.4610409736633 sec
Number of generated candidates: 4
------------------------------------------------------------------------------
