---------------------------------- Statistics ----------------------------------
It took 22.740782499313354 seconds to produce the 1th generation.
Best fitness: 7305.0
Worst fitness: 7305.0
Mean fitness: 7305.0
Population size: 20
"Best" modification so far: 27: "MemberExpression": function(parent) {
32: parent.parent.type === "Property" && properties && parent.parent.value === parent &&

Number of repair candidates: 0
--------------------------------------------------------------------------------
---------------------------------- Statistics ----------------------------------
It took 43.93982458114624 seconds to produce the 2th generation.
Best fitness: 7305.0
Worst fitness: 7305.0
Mean fitness: 7305.0
Population size: 20
"Best" modification so far: 27: "MemberExpression": function(parent) {
32: parent.parent.type === "Property" && properties && parent.parent.value === parent &&

Number of repair candidates: 1
--------------------------------------------------------------------------------
---------------------------------- Statistics ----------------------------------
It took 157.61953592300415 seconds to produce the 3th generation.
Best fitness: 7305.0
Worst fitness: 7503.0
Mean fitness: 7344.6
Population size: 20
"Best" modification so far: 27: "MemberExpression": function(parent) {
32: parent.parent.type === "Property" && properties && parent.parent.value === parent &&

Number of repair candidates: 1
--------------------------------------------------------------------------------
---------------------------------- Statistics ----------------------------------
It took 24.15674591064453 seconds to produce the 4th generation.
Best fitness: 7305.0
Worst fitness: 7503.0
Mean fitness: 7344.6
Population size: 20
"Best" modification so far: 27: "MemberExpression": function(parent) {
32: parent.parent.type === "Property" && properties && parent.parent.value === parent &&

Number of repair candidates: 1
--------------------------------------------------------------------------------
---------------------------------- Statistics ----------------------------------
It took 43.22891879081726 seconds to produce the 5th generation.
Best fitness: 7305.0
Worst fitness: 7863.0
Mean fitness: 7372.5
Population size: 20
"Best" modification so far: 27: "MemberExpression": function(parent) {
32: parent.parent.type === "Property" && properties && parent.parent.value === parent &&

Number of repair candidates: 1
--------------------------------------------------------------------------------
---------------------------------- Statistics ----------------------------------
It took 97.26242852210999 seconds to produce the 6th generation.
Best fitness: 7305.0
Worst fitness: 7503.0
Mean fitness: 7374.3
Population size: 20
"Best" modification so far: 27: "MemberExpression": function(parent) {
32: parent.parent.type === "Property" && properties && parent.parent.value === parent &&

Number of repair candidates: 1
--------------------------------------------------------------------------------
---------------------------------- Statistics ----------------------------------
It took 77.26947236061096 seconds to produce the 7th generation.
Best fitness: 7305.0
Worst fitness: 7503.0
Mean fitness: 7394.1
Population size: 20
"Best" modification so far: 27: "MemberExpression": function(parent) {
32: parent.parent.type === "Property" && properties && parent.parent.value === parent &&

Number of repair candidates: 1
--------------------------------------------------------------------------------
---------------------------------- Statistics ----------------------------------
It took 43.37844729423523 seconds to produce the 8th generation.
Best fitness: 7305.0
Worst fitness: 7503.0
Mean fitness: 7394.1
Population size: 20
"Best" modification so far: 27: "MemberExpression": function(parent) {
32: parent.parent.type === "Property" && properties && parent.parent.value === parent &&

Number of repair candidates: 1
--------------------------------------------------------------------------------
---------------------------------- Statistics ----------------------------------
It took 50.662431716918945 seconds to produce the 9th generation.
Best fitness: 7305.0
Worst fitness: 7503.0
Mean fitness: 7404.0
Population size: 20
"Best" modification so far: 27: "MemberExpression": function(parent) {
32: parent.parent.type === "Property" && properties && parent.parent.value === parent &&

Number of repair candidates: 1
--------------------------------------------------------------------------------
---------------------------------- Statistics ----------------------------------
It took 100.79005527496338 seconds to produce the 10th generation.
Best fitness: 7305.0
Worst fitness: 7503.0
Mean fitness: 7413.9
Population size: 20
"Best" modification so far: 27: "MemberExpression": function(parent) {
32: parent.parent.type === "Property" && properties && parent.parent.value === parent &&

Number of repair candidates: 1
--------------------------------------------------------------------------------
---------------------------------- Statistics ----------------------------------
It took 83.06859922409058 seconds to produce the 11th generation.
Best fitness: 7305.0
Worst fitness: 7503.0
Mean fitness: 7423.8
Population size: 20
"Best" modification so far: 27: "MemberExpression": function(parent) {
32: parent.parent.type === "Property" && properties && parent.parent.value === parent &&

Number of repair candidates: 1
--------------------------------------------------------------------------------
---------------------------------- Statistics ----------------------------------
It took 41.08906579017639 seconds to produce the 12th generation.
Best fitness: 7305.0
Worst fitness: 7503.0
Mean fitness: 7433.7
Population size: 20
"Best" modification so far: 27: "MemberExpression": function(parent) {
32: parent.parent.type === "Property" && properties && parent.parent.value === parent &&

Number of repair candidates: 1
--------------------------------------------------------------------------------
---------------------------------- Statistics ----------------------------------
It took 65.69641590118408 seconds to produce the 13th generation.
Best fitness: 7305.0
Worst fitness: 7503.0
Mean fitness: 7443.6
Population size: 20
"Best" modification so far: 27: "MemberExpression": function(parent) {
32: parent.parent.type === "Property" && properties && parent.parent.value === parent &&

Number of repair candidates: 1
--------------------------------------------------------------------------------
---------------------------------- Statistics ----------------------------------
It took 57.855507135391235 seconds to produce the 14th generation.
Best fitness: 7305.0
Worst fitness: 7503.0
Mean fitness: 7443.6
Population size: 20
"Best" modification so far: 27: "MemberExpression": function(parent) {
32: parent.parent.type === "Property" && properties && parent.parent.value === parent &&

Number of repair candidates: 1
--------------------------------------------------------------------------------
---------------------------------- Statistics ----------------------------------
It took 61.688060998916626 seconds to produce the 15th generation.
Best fitness: 7305.0
Worst fitness: 7503.0
Mean fitness: 7453.5
Population size: 20
"Best" modification so far: 27: "MemberExpression": function(parent) {
32: parent.parent.type === "Property" && properties && parent.parent.value === parent &&

Number of repair candidates: 1
--------------------------------------------------------------------------------
---------------------------------- Statistics ----------------------------------
It took 118.31121134757996 seconds to produce the 16th generation.
Best fitness: 7305.0
Worst fitness: 7503.0
Mean fitness: 7463.4
Population size: 20
"Best" modification so far: 27: "MemberExpression": function(parent) {
32: parent.parent.type === "Property" && properties && parent.parent.value === parent &&

Number of repair candidates: 1
--------------------------------------------------------------------------------
---------------------------------- Statistics ----------------------------------
It took 45.02287197113037 seconds to produce the 17th generation.
Best fitness: 7305.0
Worst fitness: 7503.0
Mean fitness: 7463.4
Population size: 20
"Best" modification so far: 27: "MemberExpression": function(parent) {
32: parent.parent.type === "Property" && properties && parent.parent.value === parent &&

Number of repair candidates: 1
--------------------------------------------------------------------------------
---------------------------------- Statistics ----------------------------------
It took 26.841599225997925 seconds to produce the 18th generation.
Best fitness: 7305.0
Worst fitness: 7503.0
Mean fitness: 7463.4
Population size: 20
"Best" modification so far: 27: "MemberExpression": function(parent) {
32: parent.parent.type === "Property" && properties && parent.parent.value === parent &&

Number of repair candidates: 1
--------------------------------------------------------------------------------
---------------------------------- Statistics ----------------------------------
It took 23.2970929145813 seconds to produce the 19th generation.
Best fitness: 7305.0
Worst fitness: 7503.0
Mean fitness: 7463.4
Population size: 20
"Best" modification so far: 27: "MemberExpression": function(parent) {
32: parent.parent.type === "Property" && properties && parent.parent.value === parent &&

Number of repair candidates: 1
--------------------------------------------------------------------------------
---------------------------------- Statistics ----------------------------------
It took 99.52142834663391 seconds to produce the 20th generation.
Best fitness: 7305.0
Worst fitness: 7503.0
Mean fitness: 7473.3
Population size: 20
"Best" modification so far: 27: "MemberExpression": function(parent) {
32: parent.parent.type === "Property" && properties && parent.parent.value === parent &&

Number of repair candidates: 1
--------------------------------------------------------------------------------
---------------------------------- Statistics ----------------------------------
It took 181.86458373069763 seconds to produce the 21th generation.
Best fitness: 7305.0
Worst fitness: 7503.0
Mean fitness: 7473.3
Population size: 20
"Best" modification so far: 27: "MemberExpression": function(parent) {
32: parent.parent.type === "Property" && properties && parent.parent.value === parent &&

Number of repair candidates: 1
--------------------------------------------------------------------------------
---------------------------------- Statistics ----------------------------------
It took 27.314765214920044 seconds to produce the 22th generation.
Best fitness: 7305.0
Worst fitness: 7503.0
Mean fitness: 7473.3
Population size: 20
"Best" modification so far: 27: "MemberExpression": function(parent) {
32: parent.parent.type === "Property" && properties && parent.parent.value === parent &&

Number of repair candidates: 1
--------------------------------------------------------------------------------
---------------------------------- Statistics ----------------------------------
It took 80.89016342163086 seconds to produce the 23th generation.
Best fitness: 7305.0
Worst fitness: 7503.0
Mean fitness: 7473.3
Population size: 20
"Best" modification so far: 27: "MemberExpression": function(parent) {
32: parent.parent.type === "Property" && properties && parent.parent.value === parent &&

Number of repair candidates: 1
--------------------------------------------------------------------------------
---------------------------------- Statistics ----------------------------------
It took 79.14388036727905 seconds to produce the 24th generation.
Best fitness: 7305.0
Worst fitness: 7503.0
Mean fitness: 7473.3
Population size: 20
"Best" modification so far: 27: "MemberExpression": function(parent) {
32: parent.parent.type === "Property" && properties && parent.parent.value === parent &&

Number of repair candidates: 1
--------------------------------------------------------------------------------
---------------------------------- Statistics ----------------------------------
It took 23.768715143203735 seconds to produce the 25th generation.
Best fitness: 7305.0
Worst fitness: 7503.0
Mean fitness: 7473.3
Population size: 20
"Best" modification so far: 27: "MemberExpression": function(parent) {
32: parent.parent.type === "Property" && properties && parent.parent.value === parent &&

Number of repair candidates: 1
--------------------------------------------------------------------------------
---------------------------------- Statistics ----------------------------------
It took 314.40426301956177 seconds to produce the 26th generation.
Best fitness: 7305.0
Worst fitness: 7503.0
Mean fitness: 7483.2
Population size: 20
"Best" modification so far: 27: "MemberExpression": function(parent) {
32: parent.parent.type === "Property" && properties && parent.parent.value === parent &&

Number of repair candidates: 1
--------------------------------------------------------------------------------
---------------------------------- Statistics ----------------------------------
It took 111.03444504737854 seconds to produce the 27th generation.
Best fitness: 7305.0
Worst fitness: 7503.0
Mean fitness: 7483.2
Population size: 20
"Best" modification so far: 27: "MemberExpression": function(parent) {
32: parent.parent.type === "Property" && properties && parent.parent.value === parent &&

Number of repair candidates: 1
--------------------------------------------------------------------------------
---------------------------------- Statistics ----------------------------------
It took 204.14338946342468 seconds to produce the 28th generation.
Best fitness: 7305.0
Worst fitness: 7503.0
Mean fitness: 7493.1
Population size: 20
"Best" modification so far: 27: "MemberExpression": function(parent) {
32: parent.parent.type === "Property" && properties && parent.parent.value === parent &&

Number of repair candidates: 1
--------------------------------------------------------------------------------
---------------------------------- Statistics ----------------------------------
It took 131.3391568660736 seconds to produce the 29th generation.
Best fitness: 7503.0
Worst fitness: 7503.0
Mean fitness: 7503.0
Population size: 20
"Best" modification so far: 27: Identifier: function(node) {
32: .reduce !== minLength;

Number of repair candidates: 1
--------------------------------------------------------------------------------
---------------------------------- Statistics ----------------------------------
It took 95.9363465309143 seconds to produce the 30th generation.
Best fitness: 7503.0
Worst fitness: 7503.0
Mean fitness: 7503.0
Population size: 20
"Best" modification so far: 27: Identifier: function(node) {
32: .reduce === minLength;

Number of repair candidates: 1
--------------------------------------------------------------------------------

-------------------------------- General info --------------------------------
Project: Eslint
Bug-ID: 122
Total elapsed time: 2609.132395505905 sec
Number of generated candidates: 1
------------------------------------------------------------------------------
